Analysis & Synthesis report for FFT
Mon Apr 19 09:44:03 2021
Quartus Prime Version 20.1.0 Build 711 06/05/2020 SJ Lite Edition


---------------------
; Table of Contents ;
---------------------
  1. Legal Notice
  2. Analysis & Synthesis Summary
  3. Analysis & Synthesis Settings
  4. Parallel Compilation
  5. Analysis & Synthesis Source Files Read
  6. Analysis & Synthesis Resource Usage Summary
  7. Analysis & Synthesis Resource Utilization by Entity
  8. Registers Removed During Synthesis
  9. Removed Registers Triggering Further Register Optimizations
 10. General Register Statistics
 11. Parameter Settings for User Entity Instance: Top-level Entity: |FFF_TOP
 12. Parameter Settings for User Entity Instance: ROM_IN:rom_1
 13. Parameter Settings for User Entity Instance: binary_counter:counter
 14. Port Connectivity Checks: "binary_counter:counter"
 15. Port Connectivity Checks: "ROM_IN:rom_1"
 16. Post-Synthesis Netlist Statistics for Top Partition
 17. Elapsed Time Per Partition
 18. Analysis & Synthesis Messages



----------------
; Legal Notice ;
----------------
Copyright (C) 2020  Intel Corporation. All rights reserved.
Your use of Intel Corporation's design tools, logic functions 
and other software and tools, and any partner logic 
functions, and any output files from any of the foregoing 
(including device programming or simulation files), and any 
associated documentation or information are expressly subject 
to the terms and conditions of the Intel Program License 
Subscription Agreement, the Intel Quartus Prime License Agreement,
the Intel FPGA IP License Agreement, or other applicable license
agreement, including, without limitation, that your use is for
the sole purpose of programming logic devices manufactured by
Intel and sold by Intel or its authorized distributors.  Please
refer to the applicable agreement for further details, at
https://fpgasoftware.intel.com/eula.



+----------------------------------------------------------------------------------+
; Analysis & Synthesis Summary                                                     ;
+------------------------------------+---------------------------------------------+
; Analysis & Synthesis Status        ; Successful - Mon Apr 19 09:44:03 2021       ;
; Quartus Prime Version              ; 20.1.0 Build 711 06/05/2020 SJ Lite Edition ;
; Revision Name                      ; FFT                                         ;
; Top-level Entity Name              ; FFF_TOP                                     ;
; Family                             ; Cyclone IV E                                ;
; Total logic elements               ; 2                                           ;
;     Total combinational functions  ; 1                                           ;
;     Dedicated logic registers      ; 2                                           ;
; Total registers                    ; 2                                           ;
; Total pins                         ; 34                                          ;
; Total virtual pins                 ; 0                                           ;
; Total memory bits                  ; 0                                           ;
; Embedded Multiplier 9-bit elements ; 0                                           ;
; Total PLLs                         ; 0                                           ;
+------------------------------------+---------------------------------------------+


+------------------------------------------------------------------------------------------------------------+
; Analysis & Synthesis Settings                                                                              ;
+------------------------------------------------------------------+--------------------+--------------------+
; Option                                                           ; Setting            ; Default Value      ;
+------------------------------------------------------------------+--------------------+--------------------+
; Device                                                           ; EP4CE6E22A7        ;                    ;
; Top-level entity name                                            ; FFF_TOP            ; FFT                ;
; Family name                                                      ; Cyclone IV E       ; Cyclone V          ;
; Use smart compilation                                            ; Off                ; Off                ;
; Enable parallel Assembler and Timing Analyzer during compilation ; On                 ; On                 ;
; Enable compact report table                                      ; Off                ; Off                ;
; Restructure Multiplexers                                         ; Auto               ; Auto               ;
; Create Debugging Nodes for IP Cores                              ; Off                ; Off                ;
; Preserve fewer node names                                        ; On                 ; On                 ;
; Intel FPGA IP Evaluation Mode                                    ; Enable             ; Enable             ;
; Verilog Version                                                  ; Verilog_2001       ; Verilog_2001       ;
; VHDL Version                                                     ; VHDL_1993          ; VHDL_1993          ;
; State Machine Processing                                         ; Auto               ; Auto               ;
; Safe State Machine                                               ; Off                ; Off                ;
; Extract Verilog State Machines                                   ; On                 ; On                 ;
; Extract VHDL State Machines                                      ; On                 ; On                 ;
; Ignore Verilog initial constructs                                ; Off                ; Off                ;
; Iteration limit for constant Verilog loops                       ; 5000               ; 5000               ;
; Iteration limit for non-constant Verilog loops                   ; 250                ; 250                ;
; Add Pass-Through Logic to Inferred RAMs                          ; On                 ; On                 ;
; Infer RAMs from Raw Logic                                        ; On                 ; On                 ;
; Parallel Synthesis                                               ; On                 ; On                 ;
; DSP Block Balancing                                              ; Auto               ; Auto               ;
; NOT Gate Push-Back                                               ; On                 ; On                 ;
; Power-Up Don't Care                                              ; On                 ; On                 ;
; Remove Redundant Logic Cells                                     ; Off                ; Off                ;
; Remove Duplicate Registers                                       ; On                 ; On                 ;
; Ignore CARRY Buffers                                             ; Off                ; Off                ;
; Ignore CASCADE Buffers                                           ; Off                ; Off                ;
; Ignore GLOBAL Buffers                                            ; Off                ; Off                ;
; Ignore ROW GLOBAL Buffers                                        ; Off                ; Off                ;
; Ignore LCELL Buffers                                             ; Off                ; Off                ;
; Ignore SOFT Buffers                                              ; On                 ; On                 ;
; Limit AHDL Integers to 32 Bits                                   ; Off                ; Off                ;
; Optimization Technique                                           ; Balanced           ; Balanced           ;
; Carry Chain Length                                               ; 70                 ; 70                 ;
; Auto Carry Chains                                                ; On                 ; On                 ;
; Auto Open-Drain Pins                                             ; On                 ; On                 ;
; Perform WYSIWYG Primitive Resynthesis                            ; Off                ; Off                ;
; Auto ROM Replacement                                             ; On                 ; On                 ;
; Auto RAM Replacement                                             ; On                 ; On                 ;
; Auto DSP Block Replacement                                       ; On                 ; On                 ;
; Auto Shift Register Replacement                                  ; Auto               ; Auto               ;
; Allow Shift Register Merging across Hierarchies                  ; Auto               ; Auto               ;
; Auto Clock Enable Replacement                                    ; On                 ; On                 ;
; Strict RAM Replacement                                           ; Off                ; Off                ;
; Allow Synchronous Control Signals                                ; On                 ; On                 ;
; Force Use of Synchronous Clear Signals                           ; Off                ; Off                ;
; Auto RAM Block Balancing                                         ; On                 ; On                 ;
; Auto RAM to Logic Cell Conversion                                ; Off                ; Off                ;
; Auto Resource Sharing                                            ; Off                ; Off                ;
; Allow Any RAM Size For Recognition                               ; Off                ; Off                ;
; Allow Any ROM Size For Recognition                               ; Off                ; Off                ;
; Allow Any Shift Register Size For Recognition                    ; Off                ; Off                ;
; Use LogicLock Constraints during Resource Balancing              ; On                 ; On                 ;
; Ignore translate_off and synthesis_off directives                ; Off                ; Off                ;
; Timing-Driven Synthesis                                          ; On                 ; On                 ;
; Report Parameter Settings                                        ; On                 ; On                 ;
; Report Source Assignments                                        ; On                 ; On                 ;
; Report Connectivity Checks                                       ; On                 ; On                 ;
; Ignore Maximum Fan-Out Assignments                               ; Off                ; Off                ;
; Synchronization Register Chain Length                            ; 2                  ; 2                  ;
; Power Optimization During Synthesis                              ; Normal compilation ; Normal compilation ;
; HDL message level                                                ; Level2             ; Level2             ;
; Suppress Register Optimization Related Messages                  ; Off                ; Off                ;
; Number of Removed Registers Reported in Synthesis Report         ; 5000               ; 5000               ;
; Number of Swept Nodes Reported in Synthesis Report               ; 5000               ; 5000               ;
; Number of Inverted Registers Reported in Synthesis Report        ; 100                ; 100                ;
; Clock MUX Protection                                             ; On                 ; On                 ;
; Auto Gated Clock Conversion                                      ; Off                ; Off                ;
; Block Design Naming                                              ; Auto               ; Auto               ;
; SDC constraint protection                                        ; Off                ; Off                ;
; Synthesis Effort                                                 ; Auto               ; Auto               ;
; Shift Register Replacement - Allow Asynchronous Clear Signal     ; On                 ; On                 ;
; Pre-Mapping Resynthesis Optimization                             ; Off                ; Off                ;
; Analysis & Synthesis Message Level                               ; Medium             ; Medium             ;
; Disable Register Merging Across Hierarchies                      ; Auto               ; Auto               ;
; Resource Aware Inference For Block RAM                           ; On                 ; On                 ;
+------------------------------------------------------------------+--------------------+--------------------+


+------------------------------------------+
; Parallel Compilation                     ;
+----------------------------+-------------+
; Processors                 ; Number      ;
+----------------------------+-------------+
; Number detected on machine ; 8           ;
; Maximum allowed            ; 8           ;
;                            ;             ;
; Average used               ; 1.00        ;
; Maximum used               ; 8           ;
;                            ;             ;
; Usage by Processor         ; % Time Used ;
;     Processor 1            ; 100.0%      ;
;     Processors 2-8         ;   0.0%      ;
+----------------------------+-------------+


+------------------------------------------------------------------------------------------------------------------------+
; Analysis & Synthesis Source Files Read                                                                                 ;
+----------------------------------+-----------------+------------------------+--------------------------------+---------+
; File Name with User-Entered Path ; Used in Netlist ; File Type              ; File Name with Absolute Path   ; Library ;
+----------------------------------+-----------------+------------------------+--------------------------------+---------+
; Source/ttt.txt                   ; yes             ; User File              ; D:/FFT/Source/ttt.txt          ;         ;
; Source/ROM_IN.v                  ; yes             ; User Verilog HDL File  ; D:/FFT/Source/ROM_IN.v         ;         ;
; Source/FFF_TOP.v                 ; yes             ; User Verilog HDL File  ; D:/FFT/Source/FFF_TOP.v        ;         ;
; Source/binary_counter.v          ; yes             ; User Verilog HDL File  ; D:/FFT/Source/binary_counter.v ;         ;
+----------------------------------+-----------------+------------------------+--------------------------------+---------+


+-------------------------------------------------------------------------------+
; Analysis & Synthesis Resource Usage Summary                                   ;
+---------------------------------------------+---------------------------------+
; Resource                                    ; Usage                           ;
+---------------------------------------------+---------------------------------+
; Estimated Total logic elements              ; 2                               ;
;                                             ;                                 ;
; Total combinational functions               ; 1                               ;
; Logic element usage by number of LUT inputs ;                                 ;
;     -- 4 input functions                    ; 0                               ;
;     -- 3 input functions                    ; 0                               ;
;     -- <=2 input functions                  ; 1                               ;
;                                             ;                                 ;
; Logic elements by mode                      ;                                 ;
;     -- normal mode                          ; 1                               ;
;     -- arithmetic mode                      ; 0                               ;
;                                             ;                                 ;
; Total registers                             ; 2                               ;
;     -- Dedicated logic registers            ; 2                               ;
;     -- I/O registers                        ; 0                               ;
;                                             ;                                 ;
; I/O pins                                    ; 34                              ;
;                                             ;                                 ;
; Embedded Multiplier 9-bit elements          ; 0                               ;
;                                             ;                                 ;
; Maximum fan-out node                        ; binary_counter:counter|count[0] ;
; Maximum fan-out                             ; 2                               ;
; Total fan-out                               ; 41                              ;
; Average fan-out                             ; 0.58                            ;
+---------------------------------------------+---------------------------------+


+--------------------------------------------------------------------------------------------------------------------------------------------------------------------------------------------------------------------------+
; Analysis & Synthesis Resource Utilization by Entity                                                                                                                                                                      ;
+-----------------------------+---------------------+---------------------------+-------------+--------------+---------+-----------+------+--------------+---------------------------------+----------------+--------------+
; Compilation Hierarchy Node  ; Combinational ALUTs ; Dedicated Logic Registers ; Memory Bits ; DSP Elements ; DSP 9x9 ; DSP 18x18 ; Pins ; Virtual Pins ; Full Hierarchy Name             ; Entity Name    ; Library Name ;
+-----------------------------+---------------------+---------------------------+-------------+--------------+---------+-----------+------+--------------+---------------------------------+----------------+--------------+
; |FFF_TOP                    ; 1 (0)               ; 2 (0)                     ; 0           ; 0            ; 0       ; 0         ; 34   ; 0            ; |FFF_TOP                        ; FFF_TOP        ; work         ;
;    |ROM_IN:rom_1|           ; 0 (0)               ; 1 (1)                     ; 0           ; 0            ; 0       ; 0         ; 0    ; 0            ; |FFF_TOP|ROM_IN:rom_1           ; ROM_IN         ; work         ;
;    |binary_counter:counter| ; 1 (1)               ; 1 (1)                     ; 0           ; 0            ; 0       ; 0         ; 0    ; 0            ; |FFF_TOP|binary_counter:counter ; binary_counter ; work         ;
+-----------------------------+---------------------+---------------------------+-------------+--------------+---------+-----------+------+--------------+---------------------------------+----------------+--------------+
Note: For table entries with two numbers listed, the numbers in parentheses indicate the number of resources of the given type used by the specific entity alone. The numbers listed outside of parentheses indicate the total resources of the given type used by the specific entity and all of its sub-entities in the hierarchy.


+---------------------------------------------------------------------------------+
; Registers Removed During Synthesis                                              ;
+----------------------------------------+----------------------------------------+
; Register name                          ; Reason for Removal                     ;
+----------------------------------------+----------------------------------------+
; binary_counter:counter|count[1..31]    ; Lost fanout                            ;
; ROM_IN:rom_1|q[0,1]                    ; Stuck at VCC due to stuck port data_in ;
; ROM_IN:rom_1|q[2..7]                   ; Stuck at GND due to stuck port data_in ;
; ROM_IN:rom_1|q[9]                      ; Stuck at VCC due to stuck port data_in ;
; ROM_IN:rom_1|q[10..31]                 ; Stuck at GND due to stuck port data_in ;
; Total Number of Removed Registers = 62 ;                                        ;
+----------------------------------------+----------------------------------------+


+---------------------------------------------------------------------------------------------------------------------------+
; Removed Registers Triggering Further Register Optimizations                                                               ;
+----------------------------------+--------------------+-------------------------------------------------------------------+
; Register name                    ; Reason for Removal ; Registers Removed due to This Register                            ;
+----------------------------------+--------------------+-------------------------------------------------------------------+
; binary_counter:counter|count[31] ; Lost Fanouts       ; binary_counter:counter|count[5], binary_counter:counter|count[4], ;
;                                  ;                    ; binary_counter:counter|count[3], binary_counter:counter|count[2], ;
;                                  ;                    ; binary_counter:counter|count[1]                                   ;
+----------------------------------+--------------------+-------------------------------------------------------------------+


+------------------------------------------------------+
; General Register Statistics                          ;
+----------------------------------------------+-------+
; Statistic                                    ; Value ;
+----------------------------------------------+-------+
; Total registers                              ; 2     ;
; Number of registers using Synchronous Clear  ; 0     ;
; Number of registers using Synchronous Load   ; 0     ;
; Number of registers using Asynchronous Clear ; 1     ;
; Number of registers using Asynchronous Load  ; 0     ;
; Number of registers using Clock Enable       ; 0     ;
; Number of registers using Preset             ; 0     ;
+----------------------------------------------+-------+


+-------------------------------------------------------------------------+
; Parameter Settings for User Entity Instance: Top-level Entity: |FFF_TOP ;
+----------------+-------+------------------------------------------------+
; Parameter Name ; Value ; Type                                           ;
+----------------+-------+------------------------------------------------+
; DATA_WIDTH     ; 32    ; Signed Integer                                 ;
; ADDR_WIDTH     ; 64    ; Signed Integer                                 ;
+----------------+-------+------------------------------------------------+
Note: In order to hide this table in the UI and the text report file, please set the "Show Parameter Settings in Synthesis Report" option in "Analysis and Synthesis Settings -> More Settings" to "Off".


+-----------------------------------------------------------+
; Parameter Settings for User Entity Instance: ROM_IN:rom_1 ;
+----------------+-------+----------------------------------+
; Parameter Name ; Value ; Type                             ;
+----------------+-------+----------------------------------+
; DATA_WIDTH     ; 32    ; Signed Integer                   ;
; ADDR_WIDTH     ; 64    ; Signed Integer                   ;
+----------------+-------+----------------------------------+
Note: In order to hide this table in the UI and the text report file, please set the "Show Parameter Settings in Synthesis Report" option in "Analysis and Synthesis Settings -> More Settings" to "Off".


+---------------------------------------------------------------------+
; Parameter Settings for User Entity Instance: binary_counter:counter ;
+----------------+-------+--------------------------------------------+
; Parameter Name ; Value ; Type                                       ;
+----------------+-------+--------------------------------------------+
; WIDTH          ; 32    ; Signed Integer                             ;
+----------------+-------+--------------------------------------------+
Note: In order to hide this table in the UI and the text report file, please set the "Show Parameter Settings in Synthesis Report" option in "Analysis and Synthesis Settings -> More Settings" to "Off".


+----------------------------------------------------+
; Port Connectivity Checks: "binary_counter:counter" ;
+--------+-------+----------+------------------------+
; Port   ; Type  ; Severity ; Details                ;
+--------+-------+----------+------------------------+
; enable ; Input ; Info     ; Stuck at VCC           ;
+--------+-------+----------+------------------------+


+----------------------------------------------------------------------------------------------------------------------------------------------------------------------------+
; Port Connectivity Checks: "ROM_IN:rom_1"                                                                                                                                   ;
+------+-------+----------+--------------------------------------------------------------------------------------------------------------------------------------------------+
; Port ; Type  ; Severity ; Details                                                                                                                                          ;
+------+-------+----------+--------------------------------------------------------------------------------------------------------------------------------------------------+
; addr ; Input ; Warning  ; Input port expression (32 bits) is smaller than the input port (64 bits) it drives.  Extra input bit(s) "addr[63..32]" will be connected to GND. ;
+------+-------+----------+--------------------------------------------------------------------------------------------------------------------------------------------------+


+-----------------------------------------------------+
; Post-Synthesis Netlist Statistics for Top Partition ;
+-----------------------+-----------------------------+
; Type                  ; Count                       ;
+-----------------------+-----------------------------+
; boundary_port         ; 34                          ;
; cycloneiii_ff         ; 2                           ;
;     CLR               ; 1                           ;
;     plain             ; 1                           ;
; cycloneiii_lcell_comb ; 3                           ;
;     normal            ; 3                           ;
;         0 data inputs ; 2                           ;
;         1 data inputs ; 1                           ;
;                       ;                             ;
; Max LUT depth         ; 1.00                        ;
; Average LUT depth     ; 0.29                        ;
+-----------------------+-----------------------------+


+-------------------------------+
; Elapsed Time Per Partition    ;
+----------------+--------------+
; Partition Name ; Elapsed Time ;
+----------------+--------------+
; Top            ; 00:00:01     ;
+----------------+--------------+


+-------------------------------+
; Analysis & Synthesis Messages ;
+-------------------------------+
Info: *******************************************************************
Info: Running Quartus Prime Analysis & Synthesis
    Info: Version 20.1.0 Build 711 06/05/2020 SJ Lite Edition
    Info: Processing started: Mon Apr 19 09:43:40 2021
Info: Command: quartus_map --read_settings_files=on --write_settings_files=off FFT -c FFT
Warning (18236): Number of processors has not been specified which may cause overloading on shared machines.  Set the global assignment NUM_PARALLEL_PROCESSORS in your QSF to an appropriate value for best performance.
Info (20032): Parallel compilation is enabled and will use up to 8 processors
Info (12021): Found 1 design units, including 1 entities, in source file source/rom_in_tb.v
    Info (12023): Found entity 1: ROM_IN_TB File: D:/FFT/Source/ROM_IN_TB.v Line: 2
Info (12021): Found 1 design units, including 1 entities, in source file source/rom_in.v
    Info (12023): Found entity 1: ROM_IN File: D:/FFT/Source/ROM_IN.v Line: 4
Info (12021): Found 1 design units, including 1 entities, in source file source/fff_top.v
    Info (12023): Found entity 1: FFF_TOP File: D:/FFT/Source/FFF_TOP.v Line: 1
Info (12021): Found 1 design units, including 1 entities, in source file source/counter_with_parameter.v
    Info (12023): Found entity 1: Counter_With_Parameter File: D:/FFT/Source/Counter_With_Parameter.v Line: 3
Info (12021): Found 1 design units, including 1 entities, in source file source/binary_counter.v
    Info (12023): Found entity 1: binary_counter File: D:/FFT/Source/binary_counter.v Line: 4
Info (12127): Elaborating entity "FFF_TOP" for the top level hierarchy
Info (12128): Elaborating entity "ROM_IN" for hierarchy "ROM_IN:rom_1" File: D:/FFT/Source/FFF_TOP.v Line: 20
Warning (10259): Verilog HDL error at ROM_IN.v(13): constant value overflow File: D:/FFT/Source/ROM_IN.v Line: 13
Warning (10850): Verilog HDL warning at ROM_IN.v(25): number of words (10) in memory file does not match the number of elements in the address range [-1:0] File: D:/FFT/Source/ROM_IN.v Line: 25
Warning (10030): Net "rom.data_a" at ROM_IN.v(13) has no driver or initial value, using a default initial value '0' File: D:/FFT/Source/ROM_IN.v Line: 13
Warning (10030): Net "rom.waddr_a[0]" at ROM_IN.v(13) has no driver or initial value, using a default initial value '0' File: D:/FFT/Source/ROM_IN.v Line: 13
Warning (10030): Net "rom.we_a" at ROM_IN.v(13) has no driver or initial value, using a default initial value '0' File: D:/FFT/Source/ROM_IN.v Line: 13
Info (12128): Elaborating entity "binary_counter" for hierarchy "binary_counter:counter" File: D:/FFT/Source/FFF_TOP.v Line: 30
Info (276014): Found 1 instances of uninferred RAM logic
    Info (276004): RAM logic "ROM_IN:rom_1|rom" is uninferred due to inappropriate RAM size File: D:/FFT/Source/ROM_IN.v Line: 13
Warning (12241): 1 hierarchies have connectivity warnings - see the Connectivity Checks report folder
Warning (13024): Output pins are stuck at VCC or GND
    Warning (13410): Pin "q[0]" is stuck at VCC File: D:/FFT/Source/FFF_TOP.v Line: 8
    Warning (13410): Pin "q[1]" is stuck at VCC File: D:/FFT/Source/FFF_TOP.v Line: 8
    Warning (13410): Pin "q[2]" is stuck at GND File: D:/FFT/Source/FFF_TOP.v Line: 8
    Warning (13410): Pin "q[3]" is stuck at GND File: D:/FFT/Source/FFF_TOP.v Line: 8
    Warning (13410): Pin "q[4]" is stuck at GND File: D:/FFT/Source/FFF_TOP.v Line: 8
    Warning (13410): Pin "q[5]" is stuck at GND File: D:/FFT/Source/FFF_TOP.v Line: 8
    Warning (13410): Pin "q[6]" is stuck at GND File: D:/FFT/Source/FFF_TOP.v Line: 8
    Warning (13410): Pin "q[7]" is stuck at GND File: D:/FFT/Source/FFF_TOP.v Line: 8
    Warning (13410): Pin "q[9]" is stuck at VCC File: D:/FFT/Source/FFF_TOP.v Line: 8
    Warning (13410): Pin "q[10]" is stuck at GND File: D:/FFT/Source/FFF_TOP.v Line: 8
    Warning (13410): Pin "q[11]" is stuck at GND File: D:/FFT/Source/FFF_TOP.v Line: 8
    Warning (13410): Pin "q[12]" is stuck at GND File: D:/FFT/Source/FFF_TOP.v Line: 8
    Warning (13410): Pin "q[13]" is stuck at GND File: D:/FFT/Source/FFF_TOP.v Line: 8
    Warning (13410): Pin "q[14]" is stuck at GND File: D:/FFT/Source/FFF_TOP.v Line: 8
    Warning (13410): Pin "q[15]" is stuck at GND File: D:/FFT/Source/FFF_TOP.v Line: 8
    Warning (13410): Pin "q[16]" is stuck at GND File: D:/FFT/Source/FFF_TOP.v Line: 8
    Warning (13410): Pin "q[17]" is stuck at GND File: D:/FFT/Source/FFF_TOP.v Line: 8
    Warning (13410): Pin "q[18]" is stuck at GND File: D:/FFT/Source/FFF_TOP.v Line: 8
    Warning (13410): Pin "q[19]" is stuck at GND File: D:/FFT/Source/FFF_TOP.v Line: 8
    Warning (13410): Pin "q[20]" is stuck at GND File: D:/FFT/Source/FFF_TOP.v Line: 8
    Warning (13410): Pin "q[21]" is stuck at GND File: D:/FFT/Source/FFF_TOP.v Line: 8
    Warning (13410): Pin "q[22]" is stuck at GND File: D:/FFT/Source/FFF_TOP.v Line: 8
    Warning (13410): Pin "q[23]" is stuck at GND File: D:/FFT/Source/FFF_TOP.v Line: 8
    Warning (13410): Pin "q[24]" is stuck at GND File: D:/FFT/Source/FFF_TOP.v Line: 8
    Warning (13410): Pin "q[25]" is stuck at GND File: D:/FFT/Source/FFF_TOP.v Line: 8
    Warning (13410): Pin "q[26]" is stuck at GND File: D:/FFT/Source/FFF_TOP.v Line: 8
    Warning (13410): Pin "q[27]" is stuck at GND File: D:/FFT/Source/FFF_TOP.v Line: 8
    Warning (13410): Pin "q[28]" is stuck at GND File: D:/FFT/Source/FFF_TOP.v Line: 8
    Warning (13410): Pin "q[29]" is stuck at GND File: D:/FFT/Source/FFF_TOP.v Line: 8
    Warning (13410): Pin "q[30]" is stuck at GND File: D:/FFT/Source/FFF_TOP.v Line: 8
    Warning (13410): Pin "q[31]" is stuck at GND File: D:/FFT/Source/FFF_TOP.v Line: 8
Info (286030): Timing-Driven Synthesis is running
Info (17049): 31 registers lost all their fanouts during netlist optimizations.
Info (16010): Generating hard_block partition "hard_block:auto_generated_inst"
    Info (16011): Adding 0 node(s), including 0 DDIO, 0 PLL, 0 transceiver and 0 LCELL
Info (21057): Implemented 36 device resources after synthesis - the final resource count might be different
    Info (21058): Implemented 2 input pins
    Info (21059): Implemented 32 output pins
    Info (21061): Implemented 2 logic cells
Info: Quartus Prime Analysis & Synthesis was successful. 0 errors, 39 warnings
    Info: Peak virtual memory: 4806 megabytes
    Info: Processing ended: Mon Apr 19 09:44:04 2021
    Info: Elapsed time: 00:00:24
    Info: Total CPU time (on all processors): 00:00:46


